<?xml version="1.0" encoding="UTF-8"?>
<testng-results ignored="0" total="1" passed="1" failed="0" skipped="0">
  <reporter-output>
  </reporter-output>
  <suite started-at="2024-05-21T19:09:00 IST" name="Application Test" finished-at="2024-05-21T19:09:06 IST" duration-ms="6654">
    <groups>
    </groups>
    <test started-at="2024-05-21T19:09:00 IST" name="Regression Test" finished-at="2024-05-21T19:09:06 IST" duration-ms="6654">
      <class name="com.makemytrip.flightsbooking.HomePageTest">
        <test-method is-config="true" signature="beforeMethod(java.lang.String)[pri:0, instance:com.makemytrip.flightsbooking.HomePageTest@70e9c95d]" started-at="2024-05-21T19:09:00 IST" name="beforeMethod" finished-at="2024-05-21T19:09:04 IST" duration-ms="3898" status="PASS">
          <params>
            <param index="0">
              <value>
                <![CDATA[chrome]]>
              </value>
            </param>
          </params>
          <reporter-output>
          </reporter-output>
        </test-method> <!-- beforeMethod -->
        <test-method signature="testCaseOne()[pri:0, instance:com.makemytrip.flightsbooking.HomePageTest@70e9c95d]" started-at="2024-05-21T19:09:04 IST" name="testCaseOne" finished-at="2024-05-21T19:09:06 IST" duration-ms="2392" status="PASS">
          <reporter-output>
          </reporter-output>
        </test-method> <!-- testCaseOne -->
        <test-method is-config="true" signature="afterMethod()[pri:0, instance:com.makemytrip.flightsbooking.HomePageTest@70e9c95d]" started-at="2024-05-21T19:09:06 IST" name="afterMethod" finished-at="2024-05-21T19:09:06 IST" duration-ms="328" status="PASS">
          <reporter-output>
          </reporter-output>
        </test-method> <!-- afterMethod -->
      </class> <!-- com.makemytrip.flightsbooking.HomePageTest -->
    </test> <!-- Regression Test -->
  </suite> <!-- Application Test -->
</testng-results>
