<?xml version="1.0" encoding="UTF-8"?>
<testng-results ignored="0" total="1" passed="1" failed="0" skipped="0">
  <reporter-output>
  </reporter-output>
  <suite started-at="2024-06-10T21:11:14 IST" name="Application Test" finished-at="2024-06-10T21:11:37 IST" duration-ms="22648">
    <groups>
    </groups>
    <test started-at="2024-06-10T21:11:14 IST" name="Regression Test" finished-at="2024-06-10T21:11:37 IST" duration-ms="22648">
      <class name="com.makemytrip.flightsbooking.HomePageTest">
        <test-method is-config="true" signature="beforeMethod(java.lang.String)[pri:0, instance:com.makemytrip.flightsbooking.HomePageTest@4d5650ae]" started-at="2024-06-10T21:11:14 IST" name="beforeMethod" finished-at="2024-06-10T21:11:20 IST" duration-ms="6126" status="PASS">
          <params>
            <param index="0">
              <value>
                <![CDATA[chrome]]>
              </value>
            </param>
          </params>
          <reporter-output>
          </reporter-output>
        </test-method> <!-- beforeMethod -->
        <test-method signature="clickGooglePlayStore()[pri:0, instance:com.makemytrip.flightsbooking.HomePageTest@4d5650ae]" started-at="2024-06-10T21:11:20 IST" name="clickGooglePlayStore" finished-at="2024-06-10T21:11:36 IST" duration-ms="16175" status="PASS">
          <reporter-output>
          </reporter-output>
        </test-method> <!-- clickGooglePlayStore -->
        <test-method is-config="true" signature="afterMethod()[pri:0, instance:com.makemytrip.flightsbooking.HomePageTest@4d5650ae]" started-at="2024-06-10T21:11:36 IST" name="afterMethod" finished-at="2024-06-10T21:11:37 IST" duration-ms="295" status="PASS">
          <reporter-output>
          </reporter-output>
        </test-method> <!-- afterMethod -->
      </class> <!-- com.makemytrip.flightsbooking.HomePageTest -->
    </test> <!-- Regression Test -->
  </suite> <!-- Application Test -->
</testng-results>
