<?xml version="1.0" encoding="UTF-8"?>
<!-- Generated by org.testng.reporters.JUnitXMLReporter -->
<testsuite ignored="1" hostname="Ivan" failures="0" tests="1" name="Regression Test" time="22.648" errors="0" timestamp="2024-06-10T21:11:37 IST">
  <testcase classname="com.makemytrip.flightsbooking.HomePageTest" name="clickGooglePlayStore" time="16.175"/>
  <testcase classname="com.makemytrip.flightsbooking.HomePageTest" name="testCaseOne" time="0.0">
    <ignored/>
  </testcase> <!-- testCaseOne -->
</testsuite> <!-- Regression Test -->
